NAME: prometheus
LAST DEPLOYED: Tue Mar 21 14:15:47 2023
NAMESPACE: prometheus
STATUS: pending-install
REVISION: 1
USER-SUPPLIED VALUES:
alertRelabelConfigs: {}
alertmanager:
  enabled: true
  persistence:
    size: 2Gi
  podSecurityContext:
    fsGroup: 65534
    runAsGroup: 65534
    runAsNonRoot: true
    runAsUser: 65534
configmapReload:
  prometheus:
    containerSecurityContext: {}
    enabled: true
    extraArgs: {}
    extraConfigmapMounts: []
    extraVolumeDirs: []
    image:
      digest: ""
      pullPolicy: IfNotPresent
      repository: jimmidyson/configmap-reload
      tag: v0.8.0
    name: configmap-reload
    resources: {}
extraManifests: []
extraScrapeConfigs: ""
forceNamespace: ""
imagePullSecrets: []
kube-state-metrics:
  enabled: true
networkPolicy:
  enabled: false
podSecurityPolicy:
  enabled: false
prometheus-node-exporter:
  containerSecurityContext:
    allowPrivilegeEscalation: false
  enabled: true
  rbac:
    pspEnabled: false
prometheus-pushgateway:
  enabled: true
  serviceAnnotations:
    prometheus.io/probe: pushgateway
rbac:
  create: true
ruleFiles: {}
server:
  affinity: {}
  alertmanagers: []
  baseURL: ""
  configMapOverrideName: ""
  configPath: /etc/config/prometheus.yml
  containerSecurityContext: {}
  defaultFlagsOverride: []
  deploymentAnnotations: {}
  dnsConfig: {}
  dnsPolicy: ClusterFirst
  emptyDir:
    sizeLimit: ""
  enableServiceLinks: true
  env: []
  extraArgs: {}
  extraConfigmapLabels: {}
  extraConfigmapMounts: []
  extraFlags:
  - web.enable-lifecycle
  extraHostPathMounts: []
  extraInitContainers: []
  extraSecretMounts: []
  extraVolumeMounts: []
  extraVolumes: []
  global:
    evaluation_interval: 1m
    scrape_interval: 1m
    scrape_timeout: 10s
  hostAliases: []
  hostNetwork: false
  image:
    digest: ""
    pullPolicy: IfNotPresent
    repository: quay.io/prometheus/prometheus
    tag: ""
  ingress:
    annotations: {}
    enabled: true
    extraLabels: {}
    extraPaths: []
    hosts:
    - prometheus.com
    path: /
    pathType: Prefix
    tls: []
  livenessProbeFailureThreshold: 3
  livenessProbeInitialDelay: 30
  livenessProbePeriodSeconds: 15
  livenessProbeSuccessThreshold: 1
  livenessProbeTimeout: 10
  name: server
  nodeSelector: {}
  persistentVolume:
    accessModes:
    - ReadWriteOnce
    annotations: {}
    enabled: true
    existingClaim: ""
    labels: {}
    mountPath: /data
    size: 8Gi
    subPath: ""
  podAnnotations: {}
  podDisruptionBudget:
    enabled: false
    maxUnavailable: 1
  podLabels: {}
  podSecurityPolicy:
    annotations: {}
  prefixURL: ""
  priorityClassName: ""
  probeHeaders: []
  probeScheme: HTTP
  readinessProbeFailureThreshold: 3
  readinessProbeInitialDelay: 30
  readinessProbePeriodSeconds: 5
  readinessProbeSuccessThreshold: 1
  readinessProbeTimeout: 4
  remoteRead: []
  remoteWrite: []
  replicaCount: 1
  resources: {}
  retention: 15d
  securityContext:
    fsGroup: 65534
    runAsGroup: 65534
    runAsNonRoot: true
    runAsUser: 65534
  service:
    annotations: {}
    clusterIP: ""
    enabled: true
    externalIPs: []
    gRPC:
      enabled: false
      servicePort: 10901
    labels: {}
    loadBalancerIP: ""
    loadBalancerSourceRanges: []
    servicePort: 80
    sessionAffinity: None
    statefulsetReplica:
      enabled: false
      replica: 0
    type: ClusterIP
  sidecarContainers: {}
  sidecarTemplateValues: {}
  startupProbe:
    enabled: false
    failureThreshold: 30
    periodSeconds: 5
    timeoutSeconds: 10
  statefulSet:
    annotations: {}
    enabled: false
    headless:
      annotations: {}
      gRPC:
        enabled: false
        servicePort: 10901
      labels: {}
      servicePort: 80
    labels: {}
    podManagementPolicy: OrderedReady
  storagePath: ""
  strategy:
    type: Recreate
  tcpSocketProbeEnabled: false
  terminationGracePeriodSeconds: 300
  tolerations: []
  verticalAutoscaler:
    enabled: false
serverFiles:
  alerting_rules.yml: {}
  alerts: {}
  prometheus.yml:
    rule_files:
    - /etc/config/recording_rules.yml
    - /etc/config/alerting_rules.yml
    - /etc/config/rules
    - /etc/config/alerts
    scrape_configs:
    - job_name: prometheus
      static_configs:
      - targets:
        - localhost:9090
    - bearer_token_file: /var/run/secrets/kubernetes.io/serviceaccount/token
      job_name: kubernetes-apiservers
      kubernetes_sd_configs:
      - role: endpoints
      relabel_configs:
      - action: keep
        regex: default;kubernetes;https
        source_labels:
        - __meta_kubernetes_namespace
        - __meta_kubernetes_service_name
        - __meta_kubernetes_endpoint_port_name
      scheme: https
      tls_config:
        ca_file: /var/run/secrets/kubernetes.io/serviceaccount/ca.crt
        insecure_skip_verify: true
    - bearer_token_file: /var/run/secrets/kubernetes.io/serviceaccount/token
      job_name: kubernetes-nodes
      kubernetes_sd_configs:
      - role: node
      relabel_configs:
      - action: labelmap
        regex: __meta_kubernetes_node_label_(.+)
      - replacement: kubernetes.default.svc:443
        target_label: __address__
      - regex: (.+)
        replacement: /api/v1/nodes/$1/proxy/metrics
        source_labels:
        - __meta_kubernetes_node_name
        target_label: __metrics_path__
      scheme: https
      tls_config:
        ca_file: /var/run/secrets/kubernetes.io/serviceaccount/ca.crt
        insecure_skip_verify: true
    - bearer_token_file: /var/run/secrets/kubernetes.io/serviceaccount/token
      job_name: kubernetes-nodes-cadvisor
      kubernetes_sd_configs:
      - role: node
      relabel_configs:
      - action: labelmap
        regex: __meta_kubernetes_node_label_(.+)
      - replacement: kubernetes.default.svc:443
        target_label: __address__
      - regex: (.+)
        replacement: /api/v1/nodes/$1/proxy/metrics/cadvisor
        source_labels:
        - __meta_kubernetes_node_name
        target_label: __metrics_path__
      scheme: https
      tls_config:
        ca_file: /var/run/secrets/kubernetes.io/serviceaccount/ca.crt
        insecure_skip_verify: true
    - honor_labels: true
      job_name: kubernetes-service-endpoints
      kubernetes_sd_configs:
      - role: endpoints
      relabel_configs:
      - action: keep
        regex: true
        source_labels:
        - __meta_kubernetes_service_annotation_prometheus_io_scrape
      - action: drop
        regex: true
        source_labels:
        - __meta_kubernetes_service_annotation_prometheus_io_scrape_slow
      - action: replace
        regex: (https?)
        source_labels:
        - __meta_kubernetes_service_annotation_prometheus_io_scheme
        target_label: __scheme__
      - action: replace
        regex: (.+)
        source_labels:
        - __meta_kubernetes_service_annotation_prometheus_io_path
        target_label: __metrics_path__
      - action: replace
        regex: (.+?)(?::\d+)?;(\d+)
        replacement: $1:$2
        source_labels:
        - __address__
        - __meta_kubernetes_service_annotation_prometheus_io_port
        target_label: __address__
      - action: labelmap
        regex: __meta_kubernetes_service_annotation_prometheus_io_param_(.+)
        replacement: __param_$1
      - action: labelmap
        regex: __meta_kubernetes_service_label_(.+)
      - action: replace
        source_labels:
        - __meta_kubernetes_namespace
        target_label: namespace
      - action: replace
        source_labels:
        - __meta_kubernetes_service_name
        target_label: service
      - action: replace
        source_labels:
        - __meta_kubernetes_pod_node_name
        target_label: node
    - honor_labels: true
      job_name: kubernetes-service-endpoints-slow
      kubernetes_sd_configs:
      - role: endpoints
      relabel_configs:
      - action: keep
        regex: true
        source_labels:
        - __meta_kubernetes_service_annotation_prometheus_io_scrape_slow
      - action: replace
        regex: (https?)
        source_labels:
        - __meta_kubernetes_service_annotation_prometheus_io_scheme
        target_label: __scheme__
      - action: replace
        regex: (.+)
        source_labels:
        - __meta_kubernetes_service_annotation_prometheus_io_path
        target_label: __metrics_path__
      - action: replace
        regex: (.+?)(?::\d+)?;(\d+)
        replacement: $1:$2
        source_labels:
        - __address__
        - __meta_kubernetes_service_annotation_prometheus_io_port
        target_label: __address__
      - action: labelmap
        regex: __meta_kubernetes_service_annotation_prometheus_io_param_(.+)
        replacement: __param_$1
      - action: labelmap
        regex: __meta_kubernetes_service_label_(.+)
      - action: replace
        source_labels:
        - __meta_kubernetes_namespace
        target_label: namespace
      - action: replace
        source_labels:
        - __meta_kubernetes_service_name
        target_label: service
      - action: replace
        source_labels:
        - __meta_kubernetes_pod_node_name
        target_label: node
      scrape_interval: 5m
      scrape_timeout: 30s
    - honor_labels: true
      job_name: prometheus-pushgateway
      kubernetes_sd_configs:
      - role: service
      relabel_configs:
      - action: keep
        regex: pushgateway
        source_labels:
        - __meta_kubernetes_service_annotation_prometheus_io_probe
    - honor_labels: true
      job_name: kubernetes-services
      kubernetes_sd_configs:
      - role: service
      metrics_path: /probe
      params:
        module:
        - http_2xx
      relabel_configs:
      - action: keep
        regex: true
        source_labels:
        - __meta_kubernetes_service_annotation_prometheus_io_probe
      - source_labels:
        - __address__
        target_label: __param_target
      - replacement: blackbox
        target_label: __address__
      - source_labels:
        - __param_target
        target_label: instance
      - action: labelmap
        regex: __meta_kubernetes_service_label_(.+)
      - source_labels:
        - __meta_kubernetes_namespace
        target_label: namespace
      - source_labels:
        - __meta_kubernetes_service_name
        target_label: service
    - honor_labels: true
      job_name: kubernetes-pods
      kubernetes_sd_configs:
      - role: pod
      relabel_configs:
      - action: keep
        regex: true
        source_labels:
        - __meta_kubernetes_pod_annotation_prometheus_io_scrape
      - action: drop
        regex: true
        source_labels:
        - __meta_kubernetes_pod_annotation_prometheus_io_scrape_slow
      - action: replace
        regex: (https?)
        source_labels:
        - __meta_kubernetes_pod_annotation_prometheus_io_scheme
        target_label: __scheme__
      - action: replace
        regex: (.+)
        source_labels:
        - __meta_kubernetes_pod_annotation_prometheus_io_path
        target_label: __metrics_path__
      - action: replace
        regex: (\d+);(([A-Fa-f0-9]{1,4}::?){1,7}[A-Fa-f0-9]{1,4})
        replacement: '[$2]:$1'
        source_labels:
        - __meta_kubernetes_pod_annotation_prometheus_io_port
        - __meta_kubernetes_pod_ip
        target_label: __address__
      - action: replace
        regex: (\d+);((([0-9]+?)(\.|$)){4})
        replacement: $2:$1
        source_labels:
        - __meta_kubernetes_pod_annotation_prometheus_io_port
        - __meta_kubernetes_pod_ip
        target_label: __address__
      - action: labelmap
        regex: __meta_kubernetes_pod_annotation_prometheus_io_param_(.+)
        replacement: __param_$1
      - action: labelmap
        regex: __meta_kubernetes_pod_label_(.+)
      - action: replace
        source_labels:
        - __meta_kubernetes_namespace
        target_label: namespace
      - action: replace
        source_labels:
        - __meta_kubernetes_pod_name
        target_label: pod
      - action: drop
        regex: Pending|Succeeded|Failed|Completed
        source_labels:
        - __meta_kubernetes_pod_phase
    - honor_labels: true
      job_name: kubernetes-pods-slow
      kubernetes_sd_configs:
      - role: pod
      relabel_configs:
      - action: keep
        regex: true
        source_labels:
        - __meta_kubernetes_pod_annotation_prometheus_io_scrape_slow
      - action: replace
        regex: (https?)
        source_labels:
        - __meta_kubernetes_pod_annotation_prometheus_io_scheme
        target_label: __scheme__
      - action: replace
        regex: (.+)
        source_labels:
        - __meta_kubernetes_pod_annotation_prometheus_io_path
        target_label: __metrics_path__
      - action: replace
        regex: (\d+);(([A-Fa-f0-9]{1,4}::?){1,7}[A-Fa-f0-9]{1,4})
        replacement: '[$2]:$1'
        source_labels:
        - __meta_kubernetes_pod_annotation_prometheus_io_port
        - __meta_kubernetes_pod_ip
        target_label: __address__
      - action: replace
        regex: (\d+);((([0-9]+?)(\.|$)){4})
        replacement: $2:$1
        source_labels:
        - __meta_kubernetes_pod_annotation_prometheus_io_port
        - __meta_kubernetes_pod_ip
        target_label: __address__
      - action: labelmap
        regex: __meta_kubernetes_pod_annotation_prometheus_io_param_(.+)
        replacement: __param_$1
      - action: labelmap
        regex: __meta_kubernetes_pod_label_(.+)
      - action: replace
        source_labels:
        - __meta_kubernetes_namespace
        target_label: namespace
      - action: replace
        source_labels:
        - __meta_kubernetes_pod_name
        target_label: pod
      - action: drop
        regex: Pending|Succeeded|Failed|Completed
        source_labels:
        - __meta_kubernetes_pod_phase
      scrape_interval: 5m
      scrape_timeout: 30s
  recording_rules.yml: {}
  rules: {}
serviceAccounts:
  server:
    annotations: {}
    create: true
    name: ""

COMPUTED VALUES:
alertRelabelConfigs: {}
alertmanager:
  additionalPeers: []
  affinity: {}
  command: []
  config:
    global: {}
    receivers:
    - name: default-receiver
    route:
      group_interval: 5m
      group_wait: 10s
      receiver: default-receiver
      repeat_interval: 3h
    templates:
    - /etc/alertmanager/*.tmpl
  configmapReload:
    enabled: false
    image:
      pullPolicy: IfNotPresent
      repository: jimmidyson/configmap-reload
      tag: v0.8.0
    name: configmap-reload
    resources: {}
  dnsConfig: {}
  enabled: true
  extraArgs: {}
  extraEnv: []
  extraSecretMounts: []
  extraVolumeMounts: []
  extraVolumes: []
  fullnameOverride: ""
  global: {}
  image:
    pullPolicy: IfNotPresent
    repository: quay.io/prometheus/alertmanager
    tag: ""
  imagePullSecrets: []
  ingress:
    annotations: {}
    className: ""
    enabled: false
    hosts:
    - host: alertmanager.domain.com
      paths:
      - path: /
        pathType: ImplementationSpecific
    tls: []
  livenessProbe:
    httpGet:
      path: /
      port: http
  nameOverride: ""
  nodeSelector: {}
  persistence:
    accessModes:
    - ReadWriteOnce
    enabled: true
    size: 2Gi
  podAnnotations: {}
  podAntiAffinity: ""
  podAntiAffinityTopologyKey: kubernetes.io/hostname
  podDisruptionBudget: {}
  podLabels: {}
  podSecurityContext:
    fsGroup: 65534
    runAsGroup: 65534
    runAsNonRoot: true
    runAsUser: 65534
  readinessProbe:
    httpGet:
      path: /
      port: http
  replicaCount: 1
  resources: {}
  securityContext:
    runAsGroup: 65534
    runAsNonRoot: true
    runAsUser: 65534
  service:
    annotations: {}
    clusterPort: 9094
    loadBalancerIP: ""
    loadBalancerSourceRanges: []
    port: 9093
    type: ClusterIP
  serviceAccount:
    annotations: {}
    create: true
  statefulSet:
    annotations: {}
  templates: {}
  tolerations: []
  topologySpreadConstraints: []
configmapReload:
  prometheus:
    containerSecurityContext: {}
    enabled: true
    extraArgs: {}
    extraConfigmapMounts: []
    extraVolumeDirs: []
    image:
      digest: ""
      pullPolicy: IfNotPresent
      repository: jimmidyson/configmap-reload
      tag: v0.8.0
    name: configmap-reload
    resources: {}
extraManifests: []
extraScrapeConfigs: ""
forceNamespace: ""
imagePullSecrets: []
kube-state-metrics:
  affinity: {}
  annotations: {}
  autosharding:
    enabled: false
  collectors:
  - certificatesigningrequests
  - configmaps
  - cronjobs
  - daemonsets
  - deployments
  - endpoints
  - horizontalpodautoscalers
  - ingresses
  - jobs
  - leases
  - limitranges
  - mutatingwebhookconfigurations
  - namespaces
  - networkpolicies
  - nodes
  - persistentvolumeclaims
  - persistentvolumes
  - poddisruptionbudgets
  - pods
  - replicasets
  - replicationcontrollers
  - resourcequotas
  - secrets
  - services
  - statefulsets
  - storageclasses
  - validatingwebhookconfigurations
  - volumeattachments
  containerSecurityContext: {}
  customLabels: {}
  enabled: true
  extraArgs: []
  global:
    imagePullSecrets: []
  hostNetwork: false
  image:
    pullPolicy: IfNotPresent
    repository: registry.k8s.io/kube-state-metrics/kube-state-metrics
    sha: ""
    tag: ""
  imagePullSecrets: []
  kubeRBACProxy:
    containerSecurityContext: {}
    enabled: false
    extraArgs: []
    image:
      pullPolicy: IfNotPresent
      repository: quay.io/brancz/kube-rbac-proxy
      sha: ""
      tag: v0.14.0
    resources: {}
  kubeTargetVersionOverride: ""
  kubeconfig:
    enabled: false
  metricAllowlist: []
  metricAnnotationsAllowList: []
  metricDenylist: []
  metricLabelsAllowlist: []
  namespaceOverride: ""
  namespaces: ""
  namespacesDenylist: ""
  nodeSelector: {}
  podAnnotations: {}
  podDisruptionBudget: {}
  podSecurityPolicy:
    additionalVolumes: []
    annotations: {}
    enabled: false
  prometheus:
    monitor:
      additionalLabels: {}
      enabled: false
      honorLabels: false
      interval: ""
      jobLabel: ""
      labelLimit: 0
      labelNameLengthLimit: 0
      labelValueLengthLimit: 0
      metricRelabelings: []
      namespace: ""
      podTargetLabels: []
      proxyUrl: ""
      relabelings: []
      sampleLimit: 0
      scheme: ""
      scrapeTimeout: ""
      selectorOverride: {}
      targetLabels: []
      targetLimit: 0
      tlsConfig: {}
  prometheusScrape: true
  rbac:
    create: true
    extraRules: []
    useClusterRole: true
  releaseLabel: false
  releaseNamespace: false
  replicas: 1
  resources: {}
  securityContext:
    enabled: true
    fsGroup: 65534
    runAsGroup: 65534
    runAsUser: 65534
  selectorOverride: {}
  selfMonitor:
    enabled: false
  service:
    annotations: {}
    clusterIP: ""
    loadBalancerIP: ""
    loadBalancerSourceRanges: []
    nodePort: 0
    port: 8080
    type: ClusterIP
  serviceAccount:
    annotations: {}
    create: true
    imagePullSecrets: []
  tolerations: []
  topologySpreadConstraints: []
  verticalPodAutoscaler:
    controlledResources: []
    enabled: false
    maxAllowed: {}
    minAllowed: {}
  volumeMounts: []
  volumes: []
networkPolicy:
  enabled: false
podSecurityPolicy:
  enabled: false
prometheus-node-exporter:
  affinity: {}
  configmaps: []
  containerSecurityContext:
    allowPrivilegeEscalation: false
  daemonsetAnnotations: {}
  dnsConfig: {}
  enabled: true
  endpoints: []
  env: {}
  extraArgs: []
  extraHostVolumeMounts: []
  extraInitContainers: []
  global: {}
  hostNetwork: true
  hostPID: true
  hostRootFsMount:
    enabled: true
    mountPropagation: HostToContainer
  image:
    pullPolicy: IfNotPresent
    repository: quay.io/prometheus/node-exporter
    sha: ""
    tag: ""
  imagePullSecrets: []
  livenessProbe:
    failureThreshold: 3
    httpGet:
      httpHeaders: []
      scheme: http
    initialDelaySeconds: 0
    periodSeconds: 10
    successThreshold: 1
    timeoutSeconds: 1
  namespaceOverride: ""
  nodeSelector: {}
  podAnnotations:
    cluster-autoscaler.kubernetes.io/safe-to-evict: "true"
  podLabels: {}
  prometheus:
    monitor:
      additionalLabels: {}
      apiVersion: ""
      basicAuth: {}
      enabled: false
      interval: ""
      jobLabel: ""
      labelLimit: 0
      labelNameLengthLimit: 0
      labelValueLengthLimit: 0
      metricRelabelings: []
      namespace: ""
      proxyUrl: ""
      relabelings: []
      sampleLimit: 0
      scheme: http
      scrapeTimeout: 10s
      selectorOverride: {}
      targetLimit: 0
      tlsConfig: {}
  rbac:
    create: true
    pspAnnotations: {}
    pspEnabled: false
  readinessProbe:
    failureThreshold: 3
    httpGet:
      httpHeaders: []
      scheme: http
    initialDelaySeconds: 0
    periodSeconds: 10
    successThreshold: 1
    timeoutSeconds: 1
  releaseLabel: false
  resources: {}
  secrets: []
  securityContext:
    fsGroup: 65534
    runAsGroup: 65534
    runAsNonRoot: true
    runAsUser: 65534
  service:
    annotations:
      prometheus.io/scrape: "true"
    listenOnAllInterfaces: true
    port: 9100
    portName: metrics
    targetPort: 9100
    type: ClusterIP
  serviceAccount:
    annotations: {}
    automountServiceAccountToken: false
    create: true
    imagePullSecrets: []
  sidecarHostVolumeMounts: []
  sidecarVolumeMount: []
  sidecars: []
  tolerations:
  - effect: NoSchedule
    operator: Exists
  updateStrategy:
    rollingUpdate:
      maxUnavailable: 1
    type: RollingUpdate
  verticalPodAutoscaler:
    controlledResources: []
    enabled: false
    maxAllowed: {}
    minAllowed: {}
prometheus-pushgateway:
  affinity: {}
  containerSecurityContext: {}
  enabled: true
  extraArgs: []
  extraContainers: []
  extraInitContainers: []
  extraVars: []
  extraVolumeMounts: []
  extraVolumes: []
  fullnameOverride: ""
  global: {}
  image:
    pullPolicy: IfNotPresent
    repository: prom/pushgateway
    tag: ""
  imagePullSecrets: []
  ingress:
    className: ""
    enabled: false
    extraPaths: []
    path: /
    pathType: ImplementationSpecific
  liveness:
    enabled: true
    probe:
      httpGet:
        path: /-/ready
        port: 9091
      initialDelaySeconds: 10
      timeoutSeconds: 10
  nameOverride: ""
  networkPolicy: {}
  nodeSelector: {}
  persistentVolume:
    accessModes:
    - ReadWriteOnce
    annotations: {}
    enabled: false
    existingClaim: ""
    mountPath: /data
    size: 2Gi
    subPath: ""
  persistentVolumeLabels: {}
  podAnnotations: {}
  podDisruptionBudget: {}
  podLabels: {}
  readiness:
    enabled: true
    probe:
      httpGet:
        path: /-/ready
        port: 9091
      initialDelaySeconds: 10
      timeoutSeconds: 10
  replicaCount: 1
  resources: {}
  runAsStatefulSet: false
  securityContext:
    fsGroup: 65534
    runAsNonRoot: true
    runAsUser: 65534
  service:
    clusterIP: ""
    loadBalancerIP: ""
    loadBalancerSourceRanges: []
    port: 9091
    targetPort: 9091
    type: ClusterIP
  serviceAccount:
    create: true
  serviceAccountLabels: {}
  serviceAnnotations:
    prometheus.io/probe: pushgateway
  serviceLabels: {}
  serviceMonitor:
    additionalLabels: {}
    enabled: false
    honorLabels: true
    metricRelabelings: []
    namespace: monitoring
    relabelings: []
  strategy:
    type: Recreate
  tolerations: {}
  topologySpreadConstraints: []
rbac:
  create: true
ruleFiles: {}
server:
  affinity: {}
  alertmanagers: []
  baseURL: ""
  configMapOverrideName: ""
  configPath: /etc/config/prometheus.yml
  containerSecurityContext: {}
  defaultFlagsOverride: []
  deploymentAnnotations: {}
  dnsConfig: {}
  dnsPolicy: ClusterFirst
  emptyDir:
    sizeLimit: ""
  enableServiceLinks: true
  env: []
  extraArgs: {}
  extraConfigmapLabels: {}
  extraConfigmapMounts: []
  extraFlags:
  - web.enable-lifecycle
  extraHostPathMounts: []
  extraInitContainers: []
  extraSecretMounts: []
  extraVolumeMounts: []
  extraVolumes: []
  global:
    evaluation_interval: 1m
    scrape_interval: 1m
    scrape_timeout: 10s
  hostAliases: []
  hostNetwork: false
  image:
    digest: ""
    pullPolicy: IfNotPresent
    repository: quay.io/prometheus/prometheus
    tag: ""
  ingress:
    annotations: {}
    enabled: true
    extraLabels: {}
    extraPaths: []
    hosts:
    - prometheus.com
    path: /
    pathType: Prefix
    tls: []
  livenessProbeFailureThreshold: 3
  livenessProbeInitialDelay: 30
  livenessProbePeriodSeconds: 15
  livenessProbeSuccessThreshold: 1
  livenessProbeTimeout: 10
  name: server
  nodeSelector: {}
  persistentVolume:
    accessModes:
    - ReadWriteOnce
    annotations: {}
    enabled: true
    existingClaim: ""
    labels: {}
    mountPath: /data
    size: 8Gi
    subPath: ""
  podAnnotations: {}
  podDisruptionBudget:
    enabled: false
    maxUnavailable: 1
  podLabels: {}
  podSecurityPolicy:
    annotations: {}
  prefixURL: ""
  priorityClassName: ""
  probeHeaders: []
  probeScheme: HTTP
  readinessProbeFailureThreshold: 3
  readinessProbeInitialDelay: 30
  readinessProbePeriodSeconds: 5
  readinessProbeSuccessThreshold: 1
  readinessProbeTimeout: 4
  remoteRead: []
  remoteWrite: []
  replicaCount: 1
  resources: {}
  retention: 15d
  securityContext:
    fsGroup: 65534
    runAsGroup: 65534
    runAsNonRoot: true
    runAsUser: 65534
  service:
    annotations: {}
    clusterIP: ""
    enabled: true
    externalIPs: []
    gRPC:
      enabled: false
      servicePort: 10901
    labels: {}
    loadBalancerIP: ""
    loadBalancerSourceRanges: []
    servicePort: 80
    sessionAffinity: None
    statefulsetReplica:
      enabled: false
      replica: 0
    type: ClusterIP
  sidecarContainers: {}
  sidecarTemplateValues: {}
  startupProbe:
    enabled: false
    failureThreshold: 30
    periodSeconds: 5
    timeoutSeconds: 10
  statefulSet:
    annotations: {}
    enabled: false
    headless:
      annotations: {}
      gRPC:
        enabled: false
        servicePort: 10901
      labels: {}
      servicePort: 80
    labels: {}
    podManagementPolicy: OrderedReady
  storagePath: ""
  strategy:
    type: Recreate
  tcpSocketProbeEnabled: false
  terminationGracePeriodSeconds: 300
  tolerations: []
  verticalAutoscaler:
    enabled: false
serverFiles:
  alerting_rules.yml: {}
  alerts: {}
  prometheus.yml:
    rule_files:
    - /etc/config/recording_rules.yml
    - /etc/config/alerting_rules.yml
    - /etc/config/rules
    - /etc/config/alerts
    scrape_configs:
    - job_name: prometheus
      static_configs:
      - targets:
        - localhost:9090
    - bearer_token_file: /var/run/secrets/kubernetes.io/serviceaccount/token
      job_name: kubernetes-apiservers
      kubernetes_sd_configs:
      - role: endpoints
      relabel_configs:
      - action: keep
        regex: default;kubernetes;https
        source_labels:
        - __meta_kubernetes_namespace
        - __meta_kubernetes_service_name
        - __meta_kubernetes_endpoint_port_name
      scheme: https
      tls_config:
        ca_file: /var/run/secrets/kubernetes.io/serviceaccount/ca.crt
        insecure_skip_verify: true
    - bearer_token_file: /var/run/secrets/kubernetes.io/serviceaccount/token
      job_name: kubernetes-nodes
      kubernetes_sd_configs:
      - role: node
      relabel_configs:
      - action: labelmap
        regex: __meta_kubernetes_node_label_(.+)
      - replacement: kubernetes.default.svc:443
        target_label: __address__
      - regex: (.+)
        replacement: /api/v1/nodes/$1/proxy/metrics
        source_labels:
        - __meta_kubernetes_node_name
        target_label: __metrics_path__
      scheme: https
      tls_config:
        ca_file: /var/run/secrets/kubernetes.io/serviceaccount/ca.crt
        insecure_skip_verify: true
    - bearer_token_file: /var/run/secrets/kubernetes.io/serviceaccount/token
      job_name: kubernetes-nodes-cadvisor
      kubernetes_sd_configs:
      - role: node
      relabel_configs:
      - action: labelmap
        regex: __meta_kubernetes_node_label_(.+)
      - replacement: kubernetes.default.svc:443
        target_label: __address__
      - regex: (.+)
        replacement: /api/v1/nodes/$1/proxy/metrics/cadvisor
        source_labels:
        - __meta_kubernetes_node_name
        target_label: __metrics_path__
      scheme: https
      tls_config:
        ca_file: /var/run/secrets/kubernetes.io/serviceaccount/ca.crt
        insecure_skip_verify: true
    - honor_labels: true
      job_name: kubernetes-service-endpoints
      kubernetes_sd_configs:
      - role: endpoints
      relabel_configs:
      - action: keep
        regex: true
        source_labels:
        - __meta_kubernetes_service_annotation_prometheus_io_scrape
      - action: drop
        regex: true
        source_labels:
        - __meta_kubernetes_service_annotation_prometheus_io_scrape_slow
      - action: replace
        regex: (https?)
        source_labels:
        - __meta_kubernetes_service_annotation_prometheus_io_scheme
        target_label: __scheme__
      - action: replace
        regex: (.+)
        source_labels:
        - __meta_kubernetes_service_annotation_prometheus_io_path
        target_label: __metrics_path__
      - action: replace
        regex: (.+?)(?::\d+)?;(\d+)
        replacement: $1:$2
        source_labels:
        - __address__
        - __meta_kubernetes_service_annotation_prometheus_io_port
        target_label: __address__
      - action: labelmap
        regex: __meta_kubernetes_service_annotation_prometheus_io_param_(.+)
        replacement: __param_$1
      - action: labelmap
        regex: __meta_kubernetes_service_label_(.+)
      - action: replace
        source_labels:
        - __meta_kubernetes_namespace
        target_label: namespace
      - action: replace
        source_labels:
        - __meta_kubernetes_service_name
        target_label: service
      - action: replace
        source_labels:
        - __meta_kubernetes_pod_node_name
        target_label: node
    - honor_labels: true
      job_name: kubernetes-service-endpoints-slow
      kubernetes_sd_configs:
      - role: endpoints
      relabel_configs:
      - action: keep
        regex: true
        source_labels:
        - __meta_kubernetes_service_annotation_prometheus_io_scrape_slow
      - action: replace
        regex: (https?)
        source_labels:
        - __meta_kubernetes_service_annotation_prometheus_io_scheme
        target_label: __scheme__
      - action: replace
        regex: (.+)
        source_labels:
        - __meta_kubernetes_service_annotation_prometheus_io_path
        target_label: __metrics_path__
      - action: replace
        regex: (.+?)(?::\d+)?;(\d+)
        replacement: $1:$2
        source_labels:
        - __address__
        - __meta_kubernetes_service_annotation_prometheus_io_port
        target_label: __address__
      - action: labelmap
        regex: __meta_kubernetes_service_annotation_prometheus_io_param_(.+)
        replacement: __param_$1
      - action: labelmap
        regex: __meta_kubernetes_service_label_(.+)
      - action: replace
        source_labels:
        - __meta_kubernetes_namespace
        target_label: namespace
      - action: replace
        source_labels:
        - __meta_kubernetes_service_name
        target_label: service
      - action: replace
        source_labels:
        - __meta_kubernetes_pod_node_name
        target_label: node
      scrape_interval: 5m
      scrape_timeout: 30s
    - honor_labels: true
      job_name: prometheus-pushgateway
      kubernetes_sd_configs:
      - role: service
      relabel_configs:
      - action: keep
        regex: pushgateway
        source_labels:
        - __meta_kubernetes_service_annotation_prometheus_io_probe
    - honor_labels: true
      job_name: kubernetes-services
      kubernetes_sd_configs:
      - role: service
      metrics_path: /probe
      params:
        module:
        - http_2xx
      relabel_configs:
      - action: keep
        regex: true
        source_labels:
        - __meta_kubernetes_service_annotation_prometheus_io_probe
      - source_labels:
        - __address__
        target_label: __param_target
      - replacement: blackbox
        target_label: __address__
      - source_labels:
        - __param_target
        target_label: instance
      - action: labelmap
        regex: __meta_kubernetes_service_label_(.+)
      - source_labels:
        - __meta_kubernetes_namespace
        target_label: namespace
      - source_labels:
        - __meta_kubernetes_service_name
        target_label: service
    - honor_labels: true
      job_name: kubernetes-pods
      kubernetes_sd_configs:
      - role: pod
      relabel_configs:
      - action: keep
        regex: true
        source_labels:
        - __meta_kubernetes_pod_annotation_prometheus_io_scrape
      - action: drop
        regex: true
        source_labels:
        - __meta_kubernetes_pod_annotation_prometheus_io_scrape_slow
      - action: replace
        regex: (https?)
        source_labels:
        - __meta_kubernetes_pod_annotation_prometheus_io_scheme
        target_label: __scheme__
      - action: replace
        regex: (.+)
        source_labels:
        - __meta_kubernetes_pod_annotation_prometheus_io_path
        target_label: __metrics_path__
      - action: replace
        regex: (\d+);(([A-Fa-f0-9]{1,4}::?){1,7}[A-Fa-f0-9]{1,4})
        replacement: '[$2]:$1'
        source_labels:
        - __meta_kubernetes_pod_annotation_prometheus_io_port
        - __meta_kubernetes_pod_ip
        target_label: __address__
      - action: replace
        regex: (\d+);((([0-9]+?)(\.|$)){4})
        replacement: $2:$1
        source_labels:
        - __meta_kubernetes_pod_annotation_prometheus_io_port
        - __meta_kubernetes_pod_ip
        target_label: __address__
      - action: labelmap
        regex: __meta_kubernetes_pod_annotation_prometheus_io_param_(.+)
        replacement: __param_$1
      - action: labelmap
        regex: __meta_kubernetes_pod_label_(.+)
      - action: replace
        source_labels:
        - __meta_kubernetes_namespace
        target_label: namespace
      - action: replace
        source_labels:
        - __meta_kubernetes_pod_name
        target_label: pod
      - action: drop
        regex: Pending|Succeeded|Failed|Completed
        source_labels:
        - __meta_kubernetes_pod_phase
    - honor_labels: true
      job_name: kubernetes-pods-slow
      kubernetes_sd_configs:
      - role: pod
      relabel_configs:
      - action: keep
        regex: true
        source_labels:
        - __meta_kubernetes_pod_annotation_prometheus_io_scrape_slow
      - action: replace
        regex: (https?)
        source_labels:
        - __meta_kubernetes_pod_annotation_prometheus_io_scheme
        target_label: __scheme__
      - action: replace
        regex: (.+)
        source_labels:
        - __meta_kubernetes_pod_annotation_prometheus_io_path
        target_label: __metrics_path__
      - action: replace
        regex: (\d+);(([A-Fa-f0-9]{1,4}::?){1,7}[A-Fa-f0-9]{1,4})
        replacement: '[$2]:$1'
        source_labels:
        - __meta_kubernetes_pod_annotation_prometheus_io_port
        - __meta_kubernetes_pod_ip
        target_label: __address__
      - action: replace
        regex: (\d+);((([0-9]+?)(\.|$)){4})
        replacement: $2:$1
        source_labels:
        - __meta_kubernetes_pod_annotation_prometheus_io_port
        - __meta_kubernetes_pod_ip
        target_label: __address__
      - action: labelmap
        regex: __meta_kubernetes_pod_annotation_prometheus_io_param_(.+)
        replacement: __param_$1
      - action: labelmap
        regex: __meta_kubernetes_pod_label_(.+)
      - action: replace
        source_labels:
        - __meta_kubernetes_namespace
        target_label: namespace
      - action: replace
        source_labels:
        - __meta_kubernetes_pod_name
        target_label: pod
      - action: drop
        regex: Pending|Succeeded|Failed|Completed
        source_labels:
        - __meta_kubernetes_pod_phase
      scrape_interval: 5m
      scrape_timeout: 30s
  recording_rules.yml: {}
  rules: {}
serviceAccounts:
  server:
    annotations: {}
    create: true
    name: ""

HOOKS:
---
# Source: prometheus/charts/alertmanager/templates/tests/test-connection.yaml
apiVersion: v1
kind: Pod
metadata:
  name: "prometheus-alertmanager-test-connection"
  labels:
    helm.sh/chart: alertmanager-0.24.1
    app.kubernetes.io/name: alertmanager
    app.kubernetes.io/instance: prometheus
    app.kubernetes.io/version: "v0.25.0"
    app.kubernetes.io/managed-by: Helm
  annotations:
    "helm.sh/hook": test-success
spec:
  containers:
    - name: wget
      image: busybox
      command: ['wget']
      args: ['prometheus-alertmanager:9093']
  restartPolicy: Never
MANIFEST:
---
# Source: prometheus/charts/alertmanager/templates/serviceaccount.yaml
apiVersion: v1
kind: ServiceAccount
metadata:
  name: prometheus-alertmanager
  labels:
    helm.sh/chart: alertmanager-0.24.1
    app.kubernetes.io/name: alertmanager
    app.kubernetes.io/instance: prometheus
    app.kubernetes.io/version: "v0.25.0"
    app.kubernetes.io/managed-by: Helm
---
# Source: prometheus/charts/kube-state-metrics/templates/serviceaccount.yaml
apiVersion: v1
kind: ServiceAccount
metadata:
  labels:    
    helm.sh/chart: kube-state-metrics-4.30.0
    app.kubernetes.io/managed-by: Helm
    app.kubernetes.io/component: metrics
    app.kubernetes.io/part-of: kube-state-metrics
    app.kubernetes.io/name: kube-state-metrics
    app.kubernetes.io/instance: prometheus
    app.kubernetes.io/version: "2.8.0"
  name: prometheus-kube-state-metrics
  namespace: prometheus
imagePullSecrets:
---
# Source: prometheus/charts/prometheus-node-exporter/templates/serviceaccount.yaml
apiVersion: v1
kind: ServiceAccount
metadata:
  name: prometheus-prometheus-node-exporter
  namespace: prometheus
  labels:
    helm.sh/chart: prometheus-node-exporter-4.8.1
    app.kubernetes.io/managed-by: Helm
    app.kubernetes.io/component: metrics
    app.kubernetes.io/part-of: prometheus-node-exporter
    app.kubernetes.io/name: prometheus-node-exporter
    app.kubernetes.io/instance: prometheus
    app.kubernetes.io/version: "1.5.0"
---
# Source: prometheus/charts/prometheus-pushgateway/templates/serviceaccount.yaml
apiVersion: v1
kind: ServiceAccount
metadata:
  labels:
    helm.sh/chart: prometheus-pushgateway-2.0.4
    app.kubernetes.io/name: prometheus-pushgateway
    app.kubernetes.io/instance: prometheus
    app.kubernetes.io/version: "v1.5.1"
    app.kubernetes.io/managed-by: Helm
  name: prometheus-prometheus-pushgateway
---
# Source: prometheus/templates/serviceaccount.yaml
apiVersion: v1
kind: ServiceAccount
metadata:
  labels:
    component: "server"
    app: prometheus
    release: prometheus
    chart: prometheus-19.7.2
    heritage: Helm
  name: prometheus-server
  namespace: prometheus
  annotations:
    {}
---
# Source: prometheus/charts/alertmanager/templates/configmap.yaml
apiVersion: v1
kind: ConfigMap
metadata:
  name: prometheus-alertmanager
  labels:
    helm.sh/chart: alertmanager-0.24.1
    app.kubernetes.io/name: alertmanager
    app.kubernetes.io/instance: prometheus
    app.kubernetes.io/version: "v0.25.0"
    app.kubernetes.io/managed-by: Helm
data:
  alertmanager.yml: |
    global: {}
    receivers:
    - name: default-receiver
    route:
      group_interval: 5m
      group_wait: 10s
      receiver: default-receiver
      repeat_interval: 3h
    templates:
    - /etc/alertmanager/*.tmpl
---
# Source: prometheus/templates/cm.yaml
apiVersion: v1
kind: ConfigMap
metadata:
  labels:
    component: "server"
    app: prometheus
    release: prometheus
    chart: prometheus-19.7.2
    heritage: Helm
  name: prometheus-server
  namespace: prometheus
data:
  allow-snippet-annotations: "false"
  alerting_rules.yml: |
    {}
  alerts: |
    {}
  prometheus.yml: |
    global:
      evaluation_interval: 1m
      scrape_interval: 1m
      scrape_timeout: 10s
    rule_files:
    - /etc/config/recording_rules.yml
    - /etc/config/alerting_rules.yml
    - /etc/config/rules
    - /etc/config/alerts
    scrape_configs:
    - job_name: prometheus
      static_configs:
      - targets:
        - localhost:9090
    - bearer_token_file: /var/run/secrets/kubernetes.io/serviceaccount/token
      job_name: kubernetes-apiservers
      kubernetes_sd_configs:
      - role: endpoints
      relabel_configs:
      - action: keep
        regex: default;kubernetes;https
        source_labels:
        - __meta_kubernetes_namespace
        - __meta_kubernetes_service_name
        - __meta_kubernetes_endpoint_port_name
      scheme: https
      tls_config:
        ca_file: /var/run/secrets/kubernetes.io/serviceaccount/ca.crt
        insecure_skip_verify: true
    - bearer_token_file: /var/run/secrets/kubernetes.io/serviceaccount/token
      job_name: kubernetes-nodes
      kubernetes_sd_configs:
      - role: node
      relabel_configs:
      - action: labelmap
        regex: __meta_kubernetes_node_label_(.+)
      - replacement: kubernetes.default.svc:443
        target_label: __address__
      - regex: (.+)
        replacement: /api/v1/nodes/$1/proxy/metrics
        source_labels:
        - __meta_kubernetes_node_name
        target_label: __metrics_path__
      scheme: https
      tls_config:
        ca_file: /var/run/secrets/kubernetes.io/serviceaccount/ca.crt
        insecure_skip_verify: true
    - bearer_token_file: /var/run/secrets/kubernetes.io/serviceaccount/token
      job_name: kubernetes-nodes-cadvisor
      kubernetes_sd_configs:
      - role: node
      relabel_configs:
      - action: labelmap
        regex: __meta_kubernetes_node_label_(.+)
      - replacement: kubernetes.default.svc:443
        target_label: __address__
      - regex: (.+)
        replacement: /api/v1/nodes/$1/proxy/metrics/cadvisor
        source_labels:
        - __meta_kubernetes_node_name
        target_label: __metrics_path__
      scheme: https
      tls_config:
        ca_file: /var/run/secrets/kubernetes.io/serviceaccount/ca.crt
        insecure_skip_verify: true
    - honor_labels: true
      job_name: kubernetes-service-endpoints
      kubernetes_sd_configs:
      - role: endpoints
      relabel_configs:
      - action: keep
        regex: true
        source_labels:
        - __meta_kubernetes_service_annotation_prometheus_io_scrape
      - action: drop
        regex: true
        source_labels:
        - __meta_kubernetes_service_annotation_prometheus_io_scrape_slow
      - action: replace
        regex: (https?)
        source_labels:
        - __meta_kubernetes_service_annotation_prometheus_io_scheme
        target_label: __scheme__
      - action: replace
        regex: (.+)
        source_labels:
        - __meta_kubernetes_service_annotation_prometheus_io_path
        target_label: __metrics_path__
      - action: replace
        regex: (.+?)(?::\d+)?;(\d+)
        replacement: $1:$2
        source_labels:
        - __address__
        - __meta_kubernetes_service_annotation_prometheus_io_port
        target_label: __address__
      - action: labelmap
        regex: __meta_kubernetes_service_annotation_prometheus_io_param_(.+)
        replacement: __param_$1
      - action: labelmap
        regex: __meta_kubernetes_service_label_(.+)
      - action: replace
        source_labels:
        - __meta_kubernetes_namespace
        target_label: namespace
      - action: replace
        source_labels:
        - __meta_kubernetes_service_name
        target_label: service
      - action: replace
        source_labels:
        - __meta_kubernetes_pod_node_name
        target_label: node
    - honor_labels: true
      job_name: kubernetes-service-endpoints-slow
      kubernetes_sd_configs:
      - role: endpoints
      relabel_configs:
      - action: keep
        regex: true
        source_labels:
        - __meta_kubernetes_service_annotation_prometheus_io_scrape_slow
      - action: replace
        regex: (https?)
        source_labels:
        - __meta_kubernetes_service_annotation_prometheus_io_scheme
        target_label: __scheme__
      - action: replace
        regex: (.+)
        source_labels:
        - __meta_kubernetes_service_annotation_prometheus_io_path
        target_label: __metrics_path__
      - action: replace
        regex: (.+?)(?::\d+)?;(\d+)
        replacement: $1:$2
        source_labels:
        - __address__
        - __meta_kubernetes_service_annotation_prometheus_io_port
        target_label: __address__
      - action: labelmap
        regex: __meta_kubernetes_service_annotation_prometheus_io_param_(.+)
        replacement: __param_$1
      - action: labelmap
        regex: __meta_kubernetes_service_label_(.+)
      - action: replace
        source_labels:
        - __meta_kubernetes_namespace
        target_label: namespace
      - action: replace
        source_labels:
        - __meta_kubernetes_service_name
        target_label: service
      - action: replace
        source_labels:
        - __meta_kubernetes_pod_node_name
        target_label: node
      scrape_interval: 5m
      scrape_timeout: 30s
    - honor_labels: true
      job_name: prometheus-pushgateway
      kubernetes_sd_configs:
      - role: service
      relabel_configs:
      - action: keep
        regex: pushgateway
        source_labels:
        - __meta_kubernetes_service_annotation_prometheus_io_probe
    - honor_labels: true
      job_name: kubernetes-services
      kubernetes_sd_configs:
      - role: service
      metrics_path: /probe
      params:
        module:
        - http_2xx
      relabel_configs:
      - action: keep
        regex: true
        source_labels:
        - __meta_kubernetes_service_annotation_prometheus_io_probe
      - source_labels:
        - __address__
        target_label: __param_target
      - replacement: blackbox
        target_label: __address__
      - source_labels:
        - __param_target
        target_label: instance
      - action: labelmap
        regex: __meta_kubernetes_service_label_(.+)
      - source_labels:
        - __meta_kubernetes_namespace
        target_label: namespace
      - source_labels:
        - __meta_kubernetes_service_name
        target_label: service
    - honor_labels: true
      job_name: kubernetes-pods
      kubernetes_sd_configs:
      - role: pod
      relabel_configs:
      - action: keep
        regex: true
        source_labels:
        - __meta_kubernetes_pod_annotation_prometheus_io_scrape
      - action: drop
        regex: true
        source_labels:
        - __meta_kubernetes_pod_annotation_prometheus_io_scrape_slow
      - action: replace
        regex: (https?)
        source_labels:
        - __meta_kubernetes_pod_annotation_prometheus_io_scheme
        target_label: __scheme__
      - action: replace
        regex: (.+)
        source_labels:
        - __meta_kubernetes_pod_annotation_prometheus_io_path
        target_label: __metrics_path__
      - action: replace
        regex: (\d+);(([A-Fa-f0-9]{1,4}::?){1,7}[A-Fa-f0-9]{1,4})
        replacement: '[$2]:$1'
        source_labels:
        - __meta_kubernetes_pod_annotation_prometheus_io_port
        - __meta_kubernetes_pod_ip
        target_label: __address__
      - action: replace
        regex: (\d+);((([0-9]+?)(\.|$)){4})
        replacement: $2:$1
        source_labels:
        - __meta_kubernetes_pod_annotation_prometheus_io_port
        - __meta_kubernetes_pod_ip
        target_label: __address__
      - action: labelmap
        regex: __meta_kubernetes_pod_annotation_prometheus_io_param_(.+)
        replacement: __param_$1
      - action: labelmap
        regex: __meta_kubernetes_pod_label_(.+)
      - action: replace
        source_labels:
        - __meta_kubernetes_namespace
        target_label: namespace
      - action: replace
        source_labels:
        - __meta_kubernetes_pod_name
        target_label: pod
      - action: drop
        regex: Pending|Succeeded|Failed|Completed
        source_labels:
        - __meta_kubernetes_pod_phase
    - honor_labels: true
      job_name: kubernetes-pods-slow
      kubernetes_sd_configs:
      - role: pod
      relabel_configs:
      - action: keep
        regex: true
        source_labels:
        - __meta_kubernetes_pod_annotation_prometheus_io_scrape_slow
      - action: replace
        regex: (https?)
        source_labels:
        - __meta_kubernetes_pod_annotation_prometheus_io_scheme
        target_label: __scheme__
      - action: replace
        regex: (.+)
        source_labels:
        - __meta_kubernetes_pod_annotation_prometheus_io_path
        target_label: __metrics_path__
      - action: replace
        regex: (\d+);(([A-Fa-f0-9]{1,4}::?){1,7}[A-Fa-f0-9]{1,4})
        replacement: '[$2]:$1'
        source_labels:
        - __meta_kubernetes_pod_annotation_prometheus_io_port
        - __meta_kubernetes_pod_ip
        target_label: __address__
      - action: replace
        regex: (\d+);((([0-9]+?)(\.|$)){4})
        replacement: $2:$1
        source_labels:
        - __meta_kubernetes_pod_annotation_prometheus_io_port
        - __meta_kubernetes_pod_ip
        target_label: __address__
      - action: labelmap
        regex: __meta_kubernetes_pod_annotation_prometheus_io_param_(.+)
        replacement: __param_$1
      - action: labelmap
        regex: __meta_kubernetes_pod_label_(.+)
      - action: replace
        source_labels:
        - __meta_kubernetes_namespace
        target_label: namespace
      - action: replace
        source_labels:
        - __meta_kubernetes_pod_name
        target_label: pod
      - action: drop
        regex: Pending|Succeeded|Failed|Completed
        source_labels:
        - __meta_kubernetes_pod_phase
      scrape_interval: 5m
      scrape_timeout: 30s
    alerting:
      alertmanagers:
      - kubernetes_sd_configs:
          - role: pod
        tls_config:
          ca_file: /var/run/secrets/kubernetes.io/serviceaccount/ca.crt
        bearer_token_file: /var/run/secrets/kubernetes.io/serviceaccount/token
        relabel_configs:
        - source_labels: [__meta_kubernetes_namespace]
          regex: prometheus
          action: keep
        - source_labels: [__meta_kubernetes_pod_label_app_kubernetes_io_instance]
          regex: prometheus
          action: keep
        - source_labels: [__meta_kubernetes_pod_label_app_kubernetes_io_name]
          regex: alertmanager
          action: keep
        - source_labels: [__meta_kubernetes_pod_container_port_number]
          regex: "9093"
          action: keep
  recording_rules.yml: |
    {}
  rules: |
    {}
---
# Source: prometheus/templates/pvc.yaml
apiVersion: v1
kind: PersistentVolumeClaim
metadata:
  labels:
    component: "server"
    app: prometheus
    release: prometheus
    chart: prometheus-19.7.2
    heritage: Helm
  name: prometheus-server
  namespace: prometheus
spec:
  accessModes:
    - ReadWriteOnce
  resources:
    requests:
      storage: "8Gi"
---
# Source: prometheus/charts/kube-state-metrics/templates/role.yaml
apiVersion: rbac.authorization.k8s.io/v1
kind: ClusterRole
metadata:
  labels:    
    helm.sh/chart: kube-state-metrics-4.30.0
    app.kubernetes.io/managed-by: Helm
    app.kubernetes.io/component: metrics
    app.kubernetes.io/part-of: kube-state-metrics
    app.kubernetes.io/name: kube-state-metrics
    app.kubernetes.io/instance: prometheus
    app.kubernetes.io/version: "2.8.0"
  name: prometheus-kube-state-metrics
rules:

- apiGroups: ["certificates.k8s.io"]
  resources:
  - certificatesigningrequests
  verbs: ["list", "watch"]

- apiGroups: [""]
  resources:
  - configmaps
  verbs: ["list", "watch"]

- apiGroups: ["batch"]
  resources:
  - cronjobs
  verbs: ["list", "watch"]

- apiGroups: ["extensions", "apps"]
  resources:
  - daemonsets
  verbs: ["list", "watch"]

- apiGroups: ["extensions", "apps"]
  resources:
  - deployments
  verbs: ["list", "watch"]

- apiGroups: [""]
  resources:
  - endpoints
  verbs: ["list", "watch"]

- apiGroups: ["autoscaling"]
  resources:
  - horizontalpodautoscalers
  verbs: ["list", "watch"]

- apiGroups: ["extensions", "networking.k8s.io"]
  resources:
  - ingresses
  verbs: ["list", "watch"]

- apiGroups: ["batch"]
  resources:
  - jobs
  verbs: ["list", "watch"]

- apiGroups: ["coordination.k8s.io"]
  resources:
  - leases
  verbs: ["list", "watch"]

- apiGroups: [""]
  resources:
  - limitranges
  verbs: ["list", "watch"]

- apiGroups: ["admissionregistration.k8s.io"]
  resources:
    - mutatingwebhookconfigurations
  verbs: ["list", "watch"]

- apiGroups: [""]
  resources:
  - namespaces
  verbs: ["list", "watch"]

- apiGroups: ["networking.k8s.io"]
  resources:
  - networkpolicies
  verbs: ["list", "watch"]

- apiGroups: [""]
  resources:
  - nodes
  verbs: ["list", "watch"]

- apiGroups: [""]
  resources:
  - persistentvolumeclaims
  verbs: ["list", "watch"]

- apiGroups: [""]
  resources:
  - persistentvolumes
  verbs: ["list", "watch"]

- apiGroups: ["policy"]
  resources:
    - poddisruptionbudgets
  verbs: ["list", "watch"]

- apiGroups: [""]
  resources:
  - pods
  verbs: ["list", "watch"]

- apiGroups: ["extensions", "apps"]
  resources:
  - replicasets
  verbs: ["list", "watch"]

- apiGroups: [""]
  resources:
  - replicationcontrollers
  verbs: ["list", "watch"]

- apiGroups: [""]
  resources:
  - resourcequotas
  verbs: ["list", "watch"]

- apiGroups: [""]
  resources:
  - secrets
  verbs: ["list", "watch"]

- apiGroups: [""]
  resources:
  - services
  verbs: ["list", "watch"]

- apiGroups: ["apps"]
  resources:
  - statefulsets
  verbs: ["list", "watch"]

- apiGroups: ["storage.k8s.io"]
  resources:
    - storageclasses
  verbs: ["list", "watch"]

- apiGroups: ["admissionregistration.k8s.io"]
  resources:
    - validatingwebhookconfigurations
  verbs: ["list", "watch"]

- apiGroups: ["storage.k8s.io"]
  resources:
    - volumeattachments
  verbs: ["list", "watch"]
---
# Source: prometheus/templates/clusterrole.yaml
apiVersion: rbac.authorization.k8s.io/v1
kind: ClusterRole
metadata:
  labels:
    component: "server"
    app: prometheus
    release: prometheus
    chart: prometheus-19.7.2
    heritage: Helm
  name: prometheus-server
rules:
  - apiGroups:
      - ""
    resources:
      - nodes
      - nodes/proxy
      - nodes/metrics
      - services
      - endpoints
      - pods
      - ingresses
      - configmaps
    verbs:
      - get
      - list
      - watch
  - apiGroups:
      - "extensions"
      - "networking.k8s.io"
    resources:
      - ingresses/status
      - ingresses
    verbs:
      - get
      - list
      - watch
  - nonResourceURLs:
      - "/metrics"
    verbs:
      - get
---
# Source: prometheus/charts/kube-state-metrics/templates/clusterrolebinding.yaml
apiVersion: rbac.authorization.k8s.io/v1
kind: ClusterRoleBinding
metadata:
  labels:    
    helm.sh/chart: kube-state-metrics-4.30.0
    app.kubernetes.io/managed-by: Helm
    app.kubernetes.io/component: metrics
    app.kubernetes.io/part-of: kube-state-metrics
    app.kubernetes.io/name: kube-state-metrics
    app.kubernetes.io/instance: prometheus
    app.kubernetes.io/version: "2.8.0"
  name: prometheus-kube-state-metrics
roleRef:
  apiGroup: rbac.authorization.k8s.io
  kind: ClusterRole
  name: prometheus-kube-state-metrics
subjects:
- kind: ServiceAccount
  name: prometheus-kube-state-metrics
  namespace: prometheus
---
# Source: prometheus/templates/clusterrolebinding.yaml
apiVersion: rbac.authorization.k8s.io/v1
kind: ClusterRoleBinding
metadata:
  labels:
    component: "server"
    app: prometheus
    release: prometheus
    chart: prometheus-19.7.2
    heritage: Helm
  name: prometheus-server
subjects:
  - kind: ServiceAccount
    name: prometheus-server
    namespace: prometheus
roleRef:
  apiGroup: rbac.authorization.k8s.io
  kind: ClusterRole
  name: prometheus-server
---
# Source: prometheus/charts/alertmanager/templates/services.yaml
apiVersion: v1
kind: Service
metadata:
  name: prometheus-alertmanager
  labels:
    helm.sh/chart: alertmanager-0.24.1
    app.kubernetes.io/name: alertmanager
    app.kubernetes.io/instance: prometheus
    app.kubernetes.io/version: "v0.25.0"
    app.kubernetes.io/managed-by: Helm
spec:
  type: ClusterIP
  ports:
    - port: 9093
      targetPort: http
      protocol: TCP
      name: http
  selector:
    app.kubernetes.io/name: alertmanager
    app.kubernetes.io/instance: prometheus
---
# Source: prometheus/charts/alertmanager/templates/services.yaml
apiVersion: v1
kind: Service
metadata:
  name: prometheus-alertmanager-headless
  labels:
    helm.sh/chart: alertmanager-0.24.1
    app.kubernetes.io/name: alertmanager
    app.kubernetes.io/instance: prometheus
    app.kubernetes.io/version: "v0.25.0"
    app.kubernetes.io/managed-by: Helm
spec:
  clusterIP: None
  ports:
    - port: 9093
      targetPort: http
      protocol: TCP
      name: http
  selector:
    app.kubernetes.io/name: alertmanager
    app.kubernetes.io/instance: prometheus
---
# Source: prometheus/charts/kube-state-metrics/templates/service.yaml
apiVersion: v1
kind: Service
metadata:
  name: prometheus-kube-state-metrics
  namespace: prometheus
  labels:    
    helm.sh/chart: kube-state-metrics-4.30.0
    app.kubernetes.io/managed-by: Helm
    app.kubernetes.io/component: metrics
    app.kubernetes.io/part-of: kube-state-metrics
    app.kubernetes.io/name: kube-state-metrics
    app.kubernetes.io/instance: prometheus
    app.kubernetes.io/version: "2.8.0"
  annotations:
    prometheus.io/scrape: 'true'
spec:
  type: "ClusterIP"
  ports:
  - name: "http"
    protocol: TCP
    port: 8080
    targetPort: 8080
  
  selector:    
    app.kubernetes.io/name: kube-state-metrics
    app.kubernetes.io/instance: prometheus
---
# Source: prometheus/charts/prometheus-node-exporter/templates/service.yaml
apiVersion: v1
kind: Service
metadata:
  name: prometheus-prometheus-node-exporter
  namespace: prometheus
  labels:
    helm.sh/chart: prometheus-node-exporter-4.8.1
    app.kubernetes.io/managed-by: Helm
    app.kubernetes.io/component: metrics
    app.kubernetes.io/part-of: prometheus-node-exporter
    app.kubernetes.io/name: prometheus-node-exporter
    app.kubernetes.io/instance: prometheus
    app.kubernetes.io/version: "1.5.0"
  annotations:
    prometheus.io/scrape: "true"
spec:
  type: ClusterIP
  ports:
    - port: 9100
      targetPort: 9100
      protocol: TCP
      name: metrics
  selector:
    app.kubernetes.io/name: prometheus-node-exporter
    app.kubernetes.io/instance: prometheus
---
# Source: prometheus/charts/prometheus-pushgateway/templates/service.yaml
apiVersion: v1
kind: Service
metadata:
  annotations:
    prometheus.io/probe: pushgateway
  labels:
    helm.sh/chart: prometheus-pushgateway-2.0.4
    app.kubernetes.io/name: prometheus-pushgateway
    app.kubernetes.io/instance: prometheus
    app.kubernetes.io/version: "v1.5.1"
    app.kubernetes.io/managed-by: Helm
  name: prometheus-prometheus-pushgateway
spec:
  type: ClusterIP
  ports:
    - port: 9091
      targetPort: 9091
      protocol: TCP
      name: http
  selector:
    app.kubernetes.io/name: prometheus-pushgateway
    app.kubernetes.io/instance: prometheus
---
# Source: prometheus/templates/service.yaml
apiVersion: v1
kind: Service
metadata:
  labels:
    component: "server"
    app: prometheus
    release: prometheus
    chart: prometheus-19.7.2
    heritage: Helm
  name: prometheus-server
  namespace: prometheus
spec:
  ports:
    - name: http
      port: 80
      protocol: TCP
      targetPort: 9090
  selector:
    component: "server"
    app: prometheus
    release: prometheus
  sessionAffinity: None
  type: "ClusterIP"
---
# Source: prometheus/charts/prometheus-node-exporter/templates/daemonset.yaml
apiVersion: apps/v1
kind: DaemonSet
metadata:
  name: prometheus-prometheus-node-exporter
  namespace: prometheus
  labels:
    helm.sh/chart: prometheus-node-exporter-4.8.1
    app.kubernetes.io/managed-by: Helm
    app.kubernetes.io/component: metrics
    app.kubernetes.io/part-of: prometheus-node-exporter
    app.kubernetes.io/name: prometheus-node-exporter
    app.kubernetes.io/instance: prometheus
    app.kubernetes.io/version: "1.5.0"
spec:
  selector:
    matchLabels:
      app.kubernetes.io/name: prometheus-node-exporter
      app.kubernetes.io/instance: prometheus
  updateStrategy:
    rollingUpdate:
      maxUnavailable: 1
    type: RollingUpdate
  template:
    metadata:
      annotations:
        cluster-autoscaler.kubernetes.io/safe-to-evict: "true"
      labels:
        helm.sh/chart: prometheus-node-exporter-4.8.1
        app.kubernetes.io/managed-by: Helm
        app.kubernetes.io/component: metrics
        app.kubernetes.io/part-of: prometheus-node-exporter
        app.kubernetes.io/name: prometheus-node-exporter
        app.kubernetes.io/instance: prometheus
        app.kubernetes.io/version: "1.5.0"
    spec:
      automountServiceAccountToken: false
      securityContext:
        fsGroup: 65534
        runAsGroup: 65534
        runAsNonRoot: true
        runAsUser: 65534
      serviceAccountName: prometheus-prometheus-node-exporter
      containers:
        - name: node-exporter
          image: quay.io/prometheus/node-exporter:v1.5.0
          imagePullPolicy: IfNotPresent
          args:
            - --path.procfs=/host/proc
            - --path.sysfs=/host/sys
            - --path.rootfs=/host/root
            - --web.listen-address=[$(HOST_IP)]:9100
          securityContext:
            allowPrivilegeEscalation: false
          env:
            - name: HOST_IP
              value: 0.0.0.0
          ports:
            - name: metrics
              containerPort: 9100
              protocol: TCP
          livenessProbe:
            failureThreshold: 3
            httpGet:
              httpHeaders:
              path: /
              port: 9100
              scheme: HTTP
            initialDelaySeconds: 0
            periodSeconds: 10
            successThreshold: 1
            timeoutSeconds: 1
          readinessProbe:
            failureThreshold: 3
            httpGet:
              httpHeaders:
              path: /
              port: 9100
              scheme: HTTP
            initialDelaySeconds: 0
            periodSeconds: 10
            successThreshold: 1
            timeoutSeconds: 1
          volumeMounts:
            - name: proc
              mountPath: /host/proc
              readOnly:  true
            - name: sys
              mountPath: /host/sys
              readOnly: true
            - name: root
              mountPath: /host/root
              mountPropagation: HostToContainer
              readOnly: true
      hostNetwork: true
      hostPID: true
      tolerations:
        - effect: NoSchedule
          operator: Exists
      volumes:
        - name: proc
          hostPath:
            path: /proc
        - name: sys
          hostPath:
            path: /sys
        - name: root
          hostPath:
            path: /
---
# Source: prometheus/charts/kube-state-metrics/templates/deployment.yaml
apiVersion: apps/v1
kind: Deployment
metadata:
  name: prometheus-kube-state-metrics
  namespace: prometheus
  labels:    
    helm.sh/chart: kube-state-metrics-4.30.0
    app.kubernetes.io/managed-by: Helm
    app.kubernetes.io/component: metrics
    app.kubernetes.io/part-of: kube-state-metrics
    app.kubernetes.io/name: kube-state-metrics
    app.kubernetes.io/instance: prometheus
    app.kubernetes.io/version: "2.8.0"
spec:
  selector:
    matchLabels:      
      app.kubernetes.io/name: kube-state-metrics
      app.kubernetes.io/instance: prometheus
  replicas: 1
  template:
    metadata:
      labels:        
        helm.sh/chart: kube-state-metrics-4.30.0
        app.kubernetes.io/managed-by: Helm
        app.kubernetes.io/component: metrics
        app.kubernetes.io/part-of: kube-state-metrics
        app.kubernetes.io/name: kube-state-metrics
        app.kubernetes.io/instance: prometheus
        app.kubernetes.io/version: "2.8.0"
    spec:
      hostNetwork: false
      serviceAccountName: prometheus-kube-state-metrics
      securityContext:
        fsGroup: 65534
        runAsGroup: 65534
        runAsUser: 65534
      containers:
      - name: kube-state-metrics
        args:
        - --port=8080
        - --resources=certificatesigningrequests,configmaps,cronjobs,daemonsets,deployments,endpoints,horizontalpodautoscalers,ingresses,jobs,leases,limitranges,mutatingwebhookconfigurations,namespaces,networkpolicies,nodes,persistentvolumeclaims,persistentvolumes,poddisruptionbudgets,pods,replicasets,replicationcontrollers,resourcequotas,secrets,services,statefulsets,storageclasses,validatingwebhookconfigurations,volumeattachments
        imagePullPolicy: IfNotPresent
        image: "registry.k8s.io/kube-state-metrics/kube-state-metrics:v2.8.0"
        ports:
        - containerPort: 8080
          name: "http"
        livenessProbe:
          httpGet:
            path: /healthz
            port: 8080
          initialDelaySeconds: 5
          timeoutSeconds: 5
        readinessProbe:
          httpGet:
            path: /
            port: 8080
          initialDelaySeconds: 5
          timeoutSeconds: 5
---
# Source: prometheus/charts/prometheus-pushgateway/templates/deployment.yaml
apiVersion: apps/v1
kind: Deployment
metadata:
  labels:
    helm.sh/chart: prometheus-pushgateway-2.0.4
    app.kubernetes.io/name: prometheus-pushgateway
    app.kubernetes.io/instance: prometheus
    app.kubernetes.io/version: "v1.5.1"
    app.kubernetes.io/managed-by: Helm
  name: prometheus-prometheus-pushgateway
spec:
  replicas: 1
  strategy:
    type: Recreate
  selector:
    matchLabels:
      app.kubernetes.io/name: prometheus-pushgateway
      app.kubernetes.io/instance: prometheus
  template:
    metadata:
      labels:
        helm.sh/chart: prometheus-pushgateway-2.0.4
        app.kubernetes.io/name: prometheus-pushgateway
        app.kubernetes.io/instance: prometheus
        app.kubernetes.io/version: "v1.5.1"
        app.kubernetes.io/managed-by: Helm
    spec:
      serviceAccountName: prometheus-prometheus-pushgateway
      containers:
        - name: pushgateway
          image: "prom/pushgateway:v1.5.1"
          imagePullPolicy: IfNotPresent
          ports:
            - name: metrics
              containerPort: 9091
              protocol: TCP
          livenessProbe:
            httpGet:
              path: /-/ready
              port: 9091
            initialDelaySeconds: 10
            timeoutSeconds: 10
          readinessProbe:
            httpGet:
              path: /-/ready
              port: 9091
            initialDelaySeconds: 10
            timeoutSeconds: 10
          volumeMounts:
            - name: storage-volume
              mountPath: "/data"
              subPath: ""
      securityContext:
        fsGroup: 65534
        runAsNonRoot: true
        runAsUser: 65534
      volumes:
        - name: storage-volume
          emptyDir: {}
---
# Source: prometheus/templates/deploy.yaml
apiVersion: apps/v1
kind: Deployment
metadata:
  labels:
    component: "server"
    app: prometheus
    release: prometheus
    chart: prometheus-19.7.2
    heritage: Helm
  name: prometheus-server
  namespace: prometheus
spec:
  selector:
    matchLabels:
      component: "server"
      app: prometheus
      release: prometheus
  replicas: 1
  strategy:
    type: Recreate
    rollingUpdate: null
  template:
    metadata:
      labels:
        component: "server"
        app: prometheus
        release: prometheus
        chart: prometheus-19.7.2
        heritage: Helm
    spec:
      enableServiceLinks: true
      serviceAccountName: prometheus-server
      containers:
        - name: prometheus-server-configmap-reload
          image: "jimmidyson/configmap-reload:v0.8.0"
          imagePullPolicy: "IfNotPresent"
          args:
            - --volume-dir=/etc/config
            - --webhook-url=http://127.0.0.1:9090/-/reload
          resources:
            {}
          volumeMounts:
            - name: config-volume
              mountPath: /etc/config
              readOnly: true

        - name: prometheus-server
          image: "quay.io/prometheus/prometheus:v2.41.0"
          imagePullPolicy: "IfNotPresent"
          args:
            - --storage.tsdb.retention.time=15d
            - --config.file=/etc/config/prometheus.yml
            - --storage.tsdb.path=/data
            - --web.console.libraries=/etc/prometheus/console_libraries
            - --web.console.templates=/etc/prometheus/consoles
            - --web.enable-lifecycle
          ports:
            - containerPort: 9090
          readinessProbe:
            httpGet:
              path: /-/ready
              port: 9090
              scheme: HTTP
            initialDelaySeconds: 30
            periodSeconds: 5
            timeoutSeconds: 4
            failureThreshold: 3
            successThreshold: 1
          livenessProbe:
            httpGet:
              path: /-/healthy
              port: 9090
              scheme: HTTP
            initialDelaySeconds: 30
            periodSeconds: 15
            timeoutSeconds: 10
            failureThreshold: 3
            successThreshold: 1
          resources:
            {}
          volumeMounts:
            - name: config-volume
              mountPath: /etc/config
            - name: storage-volume
              mountPath: /data
              subPath: ""
      dnsPolicy: ClusterFirst
      securityContext:
        fsGroup: 65534
        runAsGroup: 65534
        runAsNonRoot: true
        runAsUser: 65534
      terminationGracePeriodSeconds: 300
      volumes:
        - name: config-volume
          configMap:
            name: prometheus-server
        - name: storage-volume
          persistentVolumeClaim:
            claimName: prometheus-server
---
# Source: prometheus/charts/alertmanager/templates/statefulset.yaml
apiVersion: apps/v1
kind: StatefulSet
metadata:
  name: prometheus-alertmanager
  labels:
    helm.sh/chart: alertmanager-0.24.1
    app.kubernetes.io/name: alertmanager
    app.kubernetes.io/instance: prometheus
    app.kubernetes.io/version: "v0.25.0"
    app.kubernetes.io/managed-by: Helm
spec:
  replicas: 1
  selector:
    matchLabels:
      app.kubernetes.io/name: alertmanager
      app.kubernetes.io/instance: prometheus
  serviceName: prometheus-alertmanager-headless
  template:
    metadata:
      labels:
        app.kubernetes.io/name: alertmanager
        app.kubernetes.io/instance: prometheus
      annotations:
        checksum/config: ced84d68ee7dbe9883806fcb8f3ab1422308d4561410b9e8733db1c2d793e9d9
    spec:
      serviceAccountName: prometheus-alertmanager
      securityContext:
        fsGroup: 65534
        runAsGroup: 65534
        runAsNonRoot: true
        runAsUser: 65534
      containers:
        - name: alertmanager
          securityContext:
            runAsGroup: 65534
            runAsNonRoot: true
            runAsUser: 65534
          image: "quay.io/prometheus/alertmanager:v0.25.0"
          imagePullPolicy: IfNotPresent
          env:
            - name: POD_IP
              valueFrom:
                fieldRef:
                  apiVersion: v1
                  fieldPath: status.podIP
          args:
            - --storage.path=/alertmanager
            - --config.file=/etc/alertmanager/alertmanager.yml
          ports:
            - name: http
              containerPort: 9093
              protocol: TCP
          livenessProbe:
            httpGet:
              path: /
              port: http
          readinessProbe:
            httpGet:
              path: /
              port: http
          resources:
            {}
          volumeMounts:
            - name: config
              mountPath: /etc/alertmanager
            - name: storage
              mountPath: /alertmanager
      volumes:
        - name: config
          configMap:
            name: prometheus-alertmanager
  volumeClaimTemplates:
    - metadata:
        name: storage
      spec:
        accessModes:
          - ReadWriteOnce
        resources:
          requests:
            storage: 2Gi
---
# Source: prometheus/templates/ingress.yaml
apiVersion: networking.k8s.io/v1
kind: Ingress
metadata:
  labels:
    component: "server"
    app: prometheus
    release: prometheus
    chart: prometheus-19.7.2
    heritage: Helm
  name: prometheus-server
  namespace: prometheus
spec:
  rules:
    - host: prometheus.com
      http:
        paths:

          - path: /
            pathType: Prefix
            backend:
              service:
                name: prometheus-server
                port:
                  number: 80

NOTES:
The Prometheus server can be accessed via port 80 on the following DNS name from within your cluster:
prometheus-server.prometheus.svc.cluster.local

From outside the cluster, the server URL(s) are:
http://prometheus.com


The Prometheus alertmanager can be accessed via port  on the following DNS name from within your cluster:
prometheus-%!s(<nil>).prometheus.svc.cluster.local


Get the Alertmanager URL by running these commands in the same shell:
  export POD_NAME=$(kubectl get pods --namespace prometheus -l "app=prometheus,component=" -o jsonpath="{.items[0].metadata.name}")
  kubectl --namespace prometheus port-forward $POD_NAME 9093
#################################################################################
######   WARNING: Pod Security Policy has been disabled by default since    #####
######            it deprecated after k8s 1.25+. use                        #####
######            (index .Values "prometheus-node-exporter" "rbac"          #####
###### .          "pspEnabled") with (index .Values                         #####
######            "prometheus-node-exporter" "rbac" "pspAnnotations")       #####
######            in case you still need it.                                #####
#################################################################################


The Prometheus PushGateway can be accessed via port 9091 on the following DNS name from within your cluster:
prometheus-prometheus-pushgateway.prometheus.svc.cluster.local


Get the PushGateway URL by running these commands in the same shell:
  export POD_NAME=$(kubectl get pods --namespace prometheus -l "app=prometheus-pushgateway,component=pushgateway" -o jsonpath="{.items[0].metadata.name}")
  kubectl --namespace prometheus port-forward $POD_NAME 9091

For more information on running Prometheus, visit:
https://prometheus.io/
